js-bson: Failed to load c++ bson extension, using pure JS version
Tue, 21 Apr 2015 09:55:23 GMT express-session deprecated undefined resave option; provide resave option at app.js:38:9
Tue, 21 Apr 2015 09:55:23 GMT express-session deprecated undefined saveUninitialized option; provide saveUninitialized option at app.js:38:9
Warning: missing space before text for line 63 of jade file "/sda5/jxcode/NCUESG/src/views/sponsors.jade"
Warning: missing space before text for line 63 of jade file "/sda5/jxcode/NCUESG/src/views/sponsors.jade"
Warning: missing space before text for line 63 of jade file "/sda5/jxcode/NCUESG/src/views/sponsors.jade"
Warning: missing space before text for line 63 of jade file "/sda5/jxcode/NCUESG/src/views/sponsors.jade"
Warning: missing space before text for line 63 of jade file "/sda5/jxcode/NCUESG/src/views/sponsors.jade"
Warning: missing space before text for line 63 of jade file "/sda5/jxcode/NCUESG/src/views/sponsors.jade"
Warning: missing space before text for line 63 of jade file "/sda5/jxcode/NCUESG/src/views/sponsors.jade"
Warning: missing space before text for line 63 of jade file "/sda5/jxcode/NCUESG/src/views/sponsors.jade"
Warning: missing space before text for line 63 of jade file "/sda5/jxcode/NCUESG/src/views/sponsors.jade"
Warning: missing space before text for line 63 of jade file "/sda5/jxcode/NCUESG/src/views/sponsors.jade"
Warning: missing space before text for line 63 of jade file "/sda5/jxcode/NCUESG/src/views/sponsors.jade"
Warning: missing space before text for line 63 of jade file "/sda5/jxcode/NCUESG/src/views/sponsors.jade"
Warning: missing space before text for line 63 of jade file "/sda5/jxcode/NCUESG/src/views/sponsors.jade"
Warning: missing space before text for line 63 of jade file "/sda5/jxcode/NCUESG/src/views/sponsors.jade"
Warning: missing space before text for line 63 of jade file "/sda5/jxcode/NCUESG/src/views/sponsors.jade"
Warning: missing space before text for line 63 of jade file "/sda5/jxcode/NCUESG/src/views/sponsors.jade"
Warning: missing space before text for line 63 of jade file "/sda5/jxcode/NCUESG/src/views/sponsors.jade"
Warning: missing space before text for line 63 of jade file "/sda5/jxcode/NCUESG/src/views/sponsors.jade"
Warning: missing space before text for line 63 of jade file "/sda5/jxcode/NCUESG/src/views/sponsors.jade"
Warning: missing space before text for line 63 of jade file "/sda5/jxcode/NCUESG/src/views/sponsors.jade"
Warning: missing space before text for line 63 of jade file "/sda5/jxcode/NCUESG/src/views/sponsors.jade"
Warning: missing space before text for line 63 of jade file "/sda5/jxcode/NCUESG/src/views/sponsors.jade"
Warning: missing space before text for line 63 of jade file "/sda5/jxcode/NCUESG/src/views/sponsors.jade"
Warning: missing space before text for line 63 of jade file "/sda5/jxcode/NCUESG/src/views/sponsors.jade"
Warning: missing space before text for line 63 of jade file "/sda5/jxcode/NCUESG/src/views/sponsors.jade"
Warning: missing space before text for line 63 of jade file "/sda5/jxcode/NCUESG/src/views/sponsors.jade"
Warning: missing space before text for line 63 of jade file "/sda5/jxcode/NCUESG/src/views/sponsors.jade"
Warning: missing space before text for line 63 of jade file "/sda5/jxcode/NCUESG/src/views/sponsors.jade"
Warning: missing space before text for line 63 of jade file "/sda5/jxcode/NCUESG/src/views/sponsors.jade"
Warning: missing space before text for line 63 of jade file "/sda5/jxcode/NCUESG/src/views/sponsors.jade"
Warning: missing space before text for line 63 of jade file "/sda5/jxcode/NCUESG/src/views/sponsors.jade"
Warning: missing space before text for line 63 of jade file "/sda5/jxcode/NCUESG/src/views/sponsors.jade"
Warning: missing space before text for line 63 of jade file "/sda5/jxcode/NCUESG/src/views/sponsors.jade"
js-bson: Failed to load c++ bson extension, using pure JS version
Mon, 27 Apr 2015 21:25:04 GMT express-session deprecated undefined resave option; provide resave option at app.js:38:9
Mon, 27 Apr 2015 21:25:04 GMT express-session deprecated undefined saveUninitialized option; provide saveUninitialized option at app.js:38:9
Warning: missing space before text for line 63 of jade file "/sda5/jxcode/NCUESG/src/views/sponsors.jade"
Warning: missing space before text for line 63 of jade file "/sda5/jxcode/NCUESG/src/views/sponsors.jade"
Warning: missing space before text for line 63 of jade file "/sda5/jxcode/NCUESG/src/views/sponsors.jade"
Warning: missing space before text for line 63 of jade file "/sda5/jxcode/NCUESG/src/views/sponsors.jade"
Warning: missing space before text for line 63 of jade file "/sda5/jxcode/NCUESG/src/views/sponsors.jade"
Warning: missing space before text for line 63 of jade file "/sda5/jxcode/NCUESG/src/views/sponsors.jade"
Warning: missing space before text for line 63 of jade file "/sda5/jxcode/NCUESG/src/views/sponsors.jade"
Warning: missing space before text for line 63 of jade file "/sda5/jxcode/NCUESG/src/views/sponsors.jade"
Warning: missing space before text for line 63 of jade file "/sda5/jxcode/NCUESG/src/views/sponsors.jade"
Warning: missing space before text for line 63 of jade file "/sda5/jxcode/NCUESG/src/views/sponsors.jade"
Warning: missing space before text for line 63 of jade file "/sda5/jxcode/NCUESG/src/views/sponsors.jade"
Warning: missing space before text for line 63 of jade file "/sda5/jxcode/NCUESG/src/views/sponsors.jade"
Warning: missing space before text for line 63 of jade file "/sda5/jxcode/NCUESG/src/views/sponsors.jade"
Warning: missing space before text for line 63 of jade file "/sda5/jxcode/NCUESG/src/views/sponsors.jade"
Warning: missing space before text for line 63 of jade file "/sda5/jxcode/NCUESG/src/views/sponsors.jade"
Warning: missing space before text for line 63 of jade file "/sda5/jxcode/NCUESG/src/views/sponsors.jade"
Warning: missing space before text for line 63 of jade file "/sda5/jxcode/NCUESG/src/views/sponsors.jade"
js-bson: Failed to load c++ bson extension, using pure JS version
Thu, 30 Apr 2015 16:20:05 GMT express-session deprecated undefined resave option; provide resave option at app.js:38:9
Thu, 30 Apr 2015 16:20:05 GMT express-session deprecated undefined saveUninitialized option; provide saveUninitialized option at app.js:38:9
Warning: missing space before text for line 63 of jade file "/sda5/jxcode/NCUESG/src/views/sponsors.jade"
Warning: missing space before text for line 63 of jade file "/sda5/jxcode/NCUESG/src/views/sponsors.jade"
Warning: missing space before text for line 63 of jade file "/sda5/jxcode/NCUESG/src/views/sponsors.jade"
Warning: missing space before text for line 63 of jade file "/sda5/jxcode/NCUESG/src/views/sponsors.jade"
